<?xml version="1.0" encoding="UTF-8"?>
<testsuite xmlns:xsi="http://www.w3.org/2001/XMLSchema-instance" xsi:noNamespaceSchemaLocation="https://maven.apache.org/surefire/maven-surefire-plugin/xsd/surefire-test-report-3.0.xsd" version="3.0" name="com.dgsi.maintenance.service.PrestationServiceTest" time="8.863" tests="1" errors="0" skipped="0" failures="0">
  <properties>
[...]
</properties>
  <testcase name="testCreatePrestationSuccess" classname="com.dgsi.maintenance.service.PrestationServiceTest" time="0.436">
    <system-out><![CDATA[Standard Commons Logging discovery in action with spring-jcl: please remove commons-logging.jar from classpath in order to avoid potential conflicts
06:25:59.714 [main] INFO org.springframework.test.context.support.AnnotationConfigContextLoaderUtils -- Could not detect default configuration classes for test class [com.dgsi.maintenance.service.PrestationServiceTest]: PrestationServiceTest does not declare any static, non-private, non-final, nested classes annotated with @Configuration.
06:26:00.288 [main] INFO org.springframework.boot.test.context.SpringBootTestContextBootstrapper -- Found @SpringBootConfiguration com.dgsi.maintenance.MaintenanceApplication for test class com.dgsi.maintenance.service.PrestationServiceTest
  .   ____          _            __ _ _
 /\\ / ___'_ __ _ _(_)_ __  __ _ \ \ \ \
( ( )\___ | '_ | '_| | '_ \/ _` | \ \ \ \
 \\/  ___)| |_)| | | | | || (_| |  ) ) ) )
  '  |____| .__|_| |_|_| |_\__, | / / / /
 =========|_|==============|___/=/_/_/_/

 :: Spring Boot ::                (v3.3.0)

2026-03-04T06:26:01.355Z  INFO 324209 --- [           main] c.d.m.service.PrestationServiceTest      : Starting PrestationServiceTest using Java 21.0.10 with PID 324209 (started by inno in /home/inno/Bureau/projet-de-suivi-de-maintenance/backend)
2026-03-04T06:26:01.357Z  INFO 324209 --- [           main] c.d.m.service.PrestationServiceTest      : The following 1 profile is active: "test"
2026-03-04T06:26:02.417Z  INFO 324209 --- [           main] .s.d.r.c.RepositoryConfigurationDelegate : Bootstrapping Spring Data JPA repositories in DEFAULT mode.
2026-03-04T06:26:02.521Z  INFO 324209 --- [           main] .s.d.r.c.RepositoryConfigurationDelegate : Finished Spring Data repository scanning in 93 ms. Found 15 JPA repository interfaces.
2026-03-04T06:26:03.013Z  INFO 324209 --- [           main] o.hibernate.jpa.internal.util.LogHelper  : HHH000204: Processing PersistenceUnitInfo [name: default]
2026-03-04T06:26:03.063Z  INFO 324209 --- [           main] org.hibernate.Version                    : HHH000412: Hibernate ORM core version 6.5.2.Final
2026-03-04T06:26:03.104Z  INFO 324209 --- [           main] o.h.c.internal.RegionFactoryInitiator    : HHH000026: Second-level cache disabled
2026-03-04T06:26:03.348Z  INFO 324209 --- [           main] o.s.o.j.p.SpringPersistenceUnitInfo      : No LoadTimeWeaver setup: ignoring JPA class transformer
2026-03-04T06:26:03.368Z  INFO 324209 --- [           main] com.zaxxer.hikari.HikariDataSource       : HikariPool-1 - Starting...
2026-03-04T06:26:03.524Z  INFO 324209 --- [           main] com.zaxxer.hikari.pool.HikariPool        : HikariPool-1 - Added connection conn0: url=jdbc:h2:mem:testdb user=SA
2026-03-04T06:26:03.526Z  INFO 324209 --- [           main] com.zaxxer.hikari.HikariDataSource       : HikariPool-1 - Start completed.
2026-03-04T06:26:03.548Z  WARN 324209 --- [           main] org.hibernate.orm.deprecation            : HHH90000025: H2Dialect does not need to be specified explicitly using 'hibernate.dialect' (remove the property setting and it will be selected by default)
2026-03-04T06:26:03.707Z  WARN 324209 --- [           main] o.h.boot.model.internal.EntityBinder     : HHH000457: Joined inheritance hierarchy [com.dgsi.maintenance.entity.User] defined explicit @DiscriminatorColumn.  Legacy Hibernate behavior was to ignore the @DiscriminatorColumn.  However, as part of issue HHH-6911 we now apply the explicit @DiscriminatorColumn.  If you would prefer the legacy behavior, enable the `hibernate.discriminator.ignore_explicit_for_joined` setting (hibernate.discriminator.ignore_explicit_for_joined=true)
2026-03-04T06:26:04.896Z  INFO 324209 --- [           main] o.h.e.t.j.p.i.JtaPlatformInitiator       : HHH000489: No JTA platform available (set 'hibernate.transaction.jta.platform' to enable JTA platform integration)
2026-03-04T06:26:04.986Z  INFO 324209 --- [           main] j.LocalContainerEntityManagerFactoryBean : Initialized JPA EntityManagerFactory for persistence unit 'default'
2026-03-04T06:26:05.288Z  INFO 324209 --- [           main] o.s.d.j.r.query.QueryEnhancerFactory     : Hibernate is in classpath; If applicable, HQL parser will be used.
2026-03-04T06:26:06.747Z  WARN 324209 --- [           main] JpaBaseConfiguration$JpaWebConfiguration : spring.jpa.open-in-view is enabled by default. Therefore, database queries may be performed during view rendering. Explicitly configure spring.jpa.open-in-view to disable this warning
2026-03-04T06:26:07.327Z  INFO 324209 --- [           main] c.d.m.service.PrestationServiceTest      : Started PrestationServiceTest in 6.37 seconds (process running for 8.985)
2026-03-04T06:26:07.331Z  INFO 324209 --- [           main] c.d.maintenance.config.DataInitializer   : Data initialization started
2026-03-04T06:26:07.411Z  INFO 324209 --- [           main] c.d.maintenance.config.DataInitializer   : Initializing TypeItem data...
2026-03-04T06:26:07.558Z  INFO 324209 --- [           main] c.d.maintenance.config.DataInitializer   : TypeItem data initialized
2026-03-04T06:26:07.560Z  INFO 324209 --- [           main] c.d.maintenance.config.DataInitializer   : No users found, creating sample users...
2026-03-04T06:26:07.560Z  INFO 324209 --- [           main] c.d.maintenance.config.DataInitializer   : === DÉBUT DE LA RECRÉATION DES UTILISATEURS ===
2026-03-04T06:26:07.580Z  INFO 324209 --- [           main] c.d.maintenance.config.DataInitializer   : Tous les utilisateurs existants ont été supprimés
2026-03-04T06:26:07.580Z  INFO 324209 --- [           main] c.d.maintenance.config.DataInitializer   : Creating sample users for development (in production, use Keycloak user management)
2026-03-04T06:26:07.632Z  INFO 324209 --- [           main] c.d.maintenance.config.DataInitializer   : Utilisateurs de test créés (en production, gérer via Keycloak)
2026-03-04T06:26:07.632Z  INFO 324209 --- [           main] c.d.maintenance.config.DataInitializer   : === FIN DE LA RECRÉATION DES UTILISATEURS ===
2026-03-04T06:26:07.632Z  INFO 324209 --- [           main] c.d.m.config.ContratDataInitializer      : Contrat data initialization skipped - using existing database data
2026-03-04T06:26:07.632Z  INFO 324209 --- [           main] c.d.m.config.LotDataInitializer          : Initializing Lot data...
2026-03-04T06:26:07.634Z  INFO 324209 --- [           main] c.d.m.config.LotDataInitializer          : No lots found, creating sample data...
2026-03-04T06:26:07.634Z  INFO 324209 --- [           main] c.d.m.config.LotDataInitializer          : === DÉBUT DE LA CRÉATION DES LOTS ===
2026-03-04T06:26:07.635Z  INFO 324209 --- [           main] c.d.m.config.LotDataInitializer          : Created 0 sample lots
2026-03-04T06:26:07.635Z  INFO 324209 --- [           main] c.d.m.config.LotDataInitializer          : === FIN DE LA CRÉATION DES LOTS ===
2026-03-04T06:26:07.635Z  INFO 324209 --- [           main] c.d.m.config.LotDataInitializer          : Lot data initialized
2026-03-04T06:26:07.635Z  INFO 324209 --- [           main] c.d.m.config.ItemDataInitializer         : Initializing Item data...
2026-03-04T06:26:07.637Z  INFO 324209 --- [           main] c.d.m.config.ItemDataInitializer         : No items found, creating sample data...
2026-03-04T06:26:07.637Z  INFO 324209 --- [           main] c.d.m.config.ItemDataInitializer         : === DÉBUT DE LA CRÉATION DES ITEMS ===
2026-03-04T06:26:07.638Z  INFO 324209 --- [           main] c.d.m.config.ItemDataInitializer         : Created 0 sample items
2026-03-04T06:26:07.638Z  INFO 324209 --- [           main] c.d.m.config.ItemDataInitializer         : === FIN DE LA CRÉATION DES ITEMS ===
2026-03-04T06:26:07.638Z  INFO 324209 --- [           main] c.d.m.config.ItemDataInitializer         : Item data initialized
2026-03-04T06:26:07.639Z  INFO 324209 --- [           main] c.d.m.config.FicheStructureDataFix       : Fixing nomStructure field in existing fiches_prestation records...
2026-03-04T06:26:07.644Z  INFO 324209 --- [           main] c.d.m.config.FicheStructureDataFix       : Before fix - Total fiches_prestation records: 0
2026-03-04T06:26:07.644Z  INFO 324209 --- [           main] c.d.m.config.FicheStructureDataFix       : Before fix - Records with nom_structure: 0
2026-03-04T06:26:07.644Z  INFO 324209 --- [           main] c.d.m.config.FicheStructureDataFix       : Before fix - Records missing nom_structure: 0
2026-03-04T06:26:07.648Z  INFO 324209 --- [           main] c.d.m.config.FicheStructureDataFix       : Updated 0 fiches_prestation records
2026-03-04T06:26:07.649Z  INFO 324209 --- [           main] c.d.m.config.FicheStructureDataFix       : Fiche structure fix summary:
2026-03-04T06:26:07.649Z  INFO 324209 --- [           main] c.d.m.config.FicheStructureDataFix       : - Total fiches_prestation records: 0
2026-03-04T06:26:07.649Z  INFO 324209 --- [           main] c.d.m.config.FicheStructureDataFix       : - Records updated: 0
2026-03-04T06:26:07.649Z  INFO 324209 --- [           main] c.d.m.config.FicheStructureDataFix       : - Final records with nom_structure: 0
2026-03-04T06:26:07.649Z  INFO 324209 --- [           main] c.d.m.config.FicheStructureDataFix       : - Final records still missing nom_structure: 0
2026-03-04T06:26:07.650Z  INFO 324209 --- [           main] c.d.m.config.FicheStructureDataFix       : Fiche structure data fix completed
2026-03-04T06:26:07.650Z  INFO 324209 --- [           main] c.d.m.config.ContractRelationshipFix     : Fixing contract-prestataire relationships...
2026-03-04T06:26:07.693Z  WARN 324209 --- [           main] c.d.m.config.ContractRelationshipFix     : Could not find NetCom or SoftLink prestataires
=== Analyse des données de la base ===

=== Exécution des corrections ===
=== Début de la correction des liens prestataires-contrats ===
Contrats mis à jour: 0
Items mis à jour: 0
Contrats normalisés: 0
Cas spécifiques corrigés: 0
=== Correction terminée ===

=== Contrats totaux: 0 ===

=== Contrats actifs: 0 ===

=== Prestataires uniques avec contrats actifs: 0 ===

=== Lots des contrats actifs ===

=== Fin de l'analyse ===
2026-03-04T06:26:07.719Z  INFO 324209 --- [           main] c.d.m.config.StructureRegionFix          : Running StructureRegionFix to update structures with null region
2026-03-04T06:26:07.722Z  INFO 324209 --- [           main] c.d.m.config.StructureRegionFix          : StructureRegionFix completed. Updated 0 structures.
2026-03-04T06:26:08.141Z  INFO 324209 --- [           main] c.d.m.service.PrestationService          : 🔄 Début création prestation: Nouvelle prestation
2026-03-04T06:26:08.141Z  INFO 324209 --- [           main] c.d.m.service.PrestationService          : 🔍 Validation des données...
2026-03-04T06:26:08.142Z  WARN 324209 --- [           main] c.d.m.service.PrestationService          : ⚠️ Structure prestataire non fournie - saisie manuelle autorisée
2026-03-04T06:26:08.142Z  WARN 324209 --- [           main] c.d.m.service.PrestationService          : ⚠️ Rôle prestataire non fourni - saisie manuelle autorisée
2026-03-04T06:26:08.142Z  WARN 324209 --- [           main] c.d.m.service.PrestationService          : ⚠️ Qualification prestataire non fournie - saisie manuelle autorisée
2026-03-04T06:26:08.142Z  INFO 324209 --- [           main] c.d.m.service.PrestationService          : ✅ Validation des données OK
2026-03-04T06:26:08.142Z  INFO 324209 --- [           main] c.d.m.service.PrestationService          : 🔍 Vérification limite - déléguée au controller pour prestation avec 0 items
2026-03-04T06:26:08.143Z  INFO 324209 --- [           main] c.d.m.service.PrestationService          : 📦 Gestion ordre de commande...
2026-03-04T06:26:08.143Z  INFO 324209 --- [           main] c.d.m.service.OrdreCommandeService       : 📦 Génération ordre de commande pour prestataire: Test Prestataire
2026-03-04T06:26:08.145Z  WARN 324209 --- [           main] c.d.m.service.OrdreCommandeService       : ⚠️ Aucun contrat trouvé pour Test Prestataire, utilisation du lot par défaut: LOT-UNKNOWN
2026-03-04T06:26:08.150Z  INFO 324209 --- [           main] c.d.m.service.OrdreCommandeService       : ✨ Nouvel ordre de commande créé pour lot LOT-UNKNOWN - T1 2026: OC-LOT-UNKNOWN-T1-2026
2026-03-04T06:26:08.151Z  INFO 324209 --- [           main] c.d.m.service.PrestationService          : ✅ Ordre de commande géré - ID: 1
2026-03-04T06:26:08.151Z  INFO 324209 --- [           main] c.d.m.service.PrestationService          : 💾 Sauvegarde de la prestation...
2026-03-04T06:26:08.154Z  INFO 324209 --- [           main] c.d.m.service.PrestationService          : ✅ Prestation sauvegardée ID: 1
]]></system-out>
    <system-err><![CDATA[WARNING: A Java agent has been loaded dynamically (/home/inno/.m2/repository/net/bytebuddy/byte-buddy-agent/1.14.16/byte-buddy-agent-1.14.16.jar)
WARNING: If a serviceability tool is in use, please run with -XX:+EnableDynamicAgentLoading to hide this warning
WARNING: If a serviceability tool is not in use, please run with -Djdk.instrument.traceUsage for more information
WARNING: Dynamic loading of agents will be disallowed by default in a future release
]]></system-err>
  </testcase>
</testsuite>